<?xml version="1.0" encoding="UTF-8"?>
<testng-results skipped="0" failed="1" ignored="0" total="1" passed="0">
  <reporter-output>
    <line>
      <![CDATA[Setting up the Report Configuration and Test Started]]>
    </line>
    <line>
      <![CDATA[Setting setup is done]]>
    </line>
    <line>
      <![CDATA[Trying to start browser and application ready]]>
    </line>
    <line>
      <![CDATA[Browser and application setup is done]]>
    </line>
    <line>
      <![CDATA[Please flusing up some resources]]>
    </line>
    <line>
      <![CDATA[All done, Validate your reports , See you again]]>
    </line>
  </reporter-output>
  <suite name="Suite" duration-ms="8573" started-at="2019-05-16T23:13:43Z" finished-at="2019-05-16T23:13:51Z">
    <groups>
    </groups>
    <test name="Test" duration-ms="8573" started-at="2019-05-16T23:13:43Z" finished-at="2019-05-16T23:13:51Z">
      <class name="com.automation.Tests.LoginCRMTest">
        <test-method status="PASS" signature="suiteSetup()[pri:0, instance:com.automation.Tests.LoginCRMTest@6093dd95]" name="suiteSetup" is-config="true" duration-ms="467" started-at="2019-05-16T23:13:42Z" finished-at="2019-05-16T23:13:43Z">
          <reporter-output>
            <line>
              <![CDATA[Setting up the Report Configuration and Test Started]]>
            </line>
            <line>
              <![CDATA[Setting setup is done]]>
            </line>
          </reporter-output>
        </test-method> <!-- suiteSetup -->
        <test-method status="PASS" signature="setup()[pri:0, instance:com.automation.Tests.LoginCRMTest@6093dd95]" name="setup" is-config="true" duration-ms="6738" started-at="2019-05-16T23:13:43Z" finished-at="2019-05-16T23:13:49Z">
          <reporter-output>
            <line>
              <![CDATA[Trying to start browser and application ready]]>
            </line>
            <line>
              <![CDATA[Browser and application setup is done]]>
            </line>
          </reporter-output>
        </test-method> <!-- setup -->
        <test-method status="FAIL" signature="loginApp()[pri:0, instance:com.automation.Tests.LoginCRMTest@6093dd95]" name="loginApp" duration-ms="65" started-at="2019-05-16T23:13:49Z" finished-at="2019-05-16T23:13:50Z">
          <exception class="java.lang.NullPointerException">
            <full-stacktrace>
              <![CDATA[java.lang.NullPointerException
at org.openqa.selenium.support.pagefactory.DefaultElementLocator.findElement(DefaultElementLocator.java:69)
at org.openqa.selenium.support.pagefactory.internal.LocatingElementHandler.invoke(LocatingElementHandler.java:38)
at com.sun.proxy.$Proxy11.sendKeys(Unknown Source)
at com.automation.pages.LoginPage.login(LoginPage.java:30)
at com.automation.Tests.LoginCRMTest.loginApp(LoginCRMTest.java:27)
at sun.reflect.NativeMethodAccessorImpl.invoke0(Native Method)
at sun.reflect.NativeMethodAccessorImpl.invoke(NativeMethodAccessorImpl.java:62)
at sun.reflect.DelegatingMethodAccessorImpl.invoke(DelegatingMethodAccessorImpl.java:43)
at java.lang.reflect.Method.invoke(Method.java:498)
at org.testng.internal.MethodInvocationHelper.invokeMethod(MethodInvocationHelper.java:124)
at org.testng.internal.Invoker.invokeMethod(Invoker.java:583)
at org.testng.internal.Invoker.invokeTestMethod(Invoker.java:719)
at org.testng.internal.Invoker.invokeTestMethods(Invoker.java:989)
at org.testng.internal.TestMethodWorker.invokeTestMethods(TestMethodWorker.java:125)
at org.testng.internal.TestMethodWorker.run(TestMethodWorker.java:109)
at org.testng.TestRunner.privateRun(TestRunner.java:648)
at org.testng.TestRunner.run(TestRunner.java:505)
at org.testng.SuiteRunner.runTest(SuiteRunner.java:455)
at org.testng.SuiteRunner.runSequentially(SuiteRunner.java:450)
at org.testng.SuiteRunner.privateRun(SuiteRunner.java:415)
at org.testng.SuiteRunner.run(SuiteRunner.java:364)
at org.testng.SuiteRunnerWorker.runSuite(SuiteRunnerWorker.java:52)
at org.testng.SuiteRunnerWorker.run(SuiteRunnerWorker.java:84)
at org.testng.TestNG.runSuitesSequentially(TestNG.java:1208)
at org.testng.TestNG.runSuitesLocally(TestNG.java:1137)
at org.testng.TestNG.runSuites(TestNG.java:1049)
at org.testng.TestNG.run(TestNG.java:1017)
at org.testng.remote.AbstractRemoteTestNG.run(AbstractRemoteTestNG.java:115)
at org.testng.remote.RemoteTestNG.initAndRun(RemoteTestNG.java:251)
at org.testng.remote.RemoteTestNG.main(RemoteTestNG.java:77)
]]>
            </full-stacktrace>
          </exception> <!-- java.lang.NullPointerException -->
          <reporter-output>
          </reporter-output>
        </test-method> <!-- loginApp -->
        <test-method status="PASS" signature="teardownmethod(org.testng.ITestResult)[pri:0, instance:com.automation.Tests.LoginCRMTest@6093dd95]" name="teardownmethod" is-config="true" duration-ms="904" started-at="2019-05-16T23:13:50Z" finished-at="2019-05-16T23:13:50Z">
          <params>
            <param index="0">
              <value>
                <![CDATA[[TestResult name=loginApp status=FAILURE method=LoginCRMTest.loginApp()[pri:0, instance:com.automation.Tests.LoginCRMTest@6093dd95] output={null}]]]>
              </value>
            </param>
          </params>
          <reporter-output>
            <line>
              <![CDATA[Please flusing up some resources]]>
            </line>
            <line>
              <![CDATA[All done, Validate your reports , See you again]]>
            </line>
          </reporter-output>
        </test-method> <!-- teardownmethod -->
        <test-method status="PASS" signature="teardown()[pri:0, instance:com.automation.Tests.LoginCRMTest@6093dd95]" name="teardown" is-config="true" duration-ms="834" started-at="2019-05-16T23:13:50Z" finished-at="2019-05-16T23:13:51Z">
          <reporter-output>
          </reporter-output>
        </test-method> <!-- teardown -->
      </class> <!-- com.automation.Tests.LoginCRMTest -->
    </test> <!-- Test -->
  </suite> <!-- Suite -->
</testng-results>
