<?xml version="1.0" encoding="UTF-8"?>
<!-- Generated by org.testng.reporters.JUnitXMLReporter -->
<testsuite hostname="WKWIN9043201" ignored="0" name="Test" tests="1" failures="1" timestamp="16 May 2019 23:13:51 GMT" time="8.573" errors="0">
  <testcase name="loginApp" time="0.065" classname="com.automation.Tests.LoginCRMTest">
    <failure type="java.lang.NullPointerException">
      <![CDATA[java.lang.NullPointerException
at org.openqa.selenium.support.pagefactory.DefaultElementLocator.findElement(DefaultElementLocator.java:69)
at org.openqa.selenium.support.pagefactory.internal.LocatingElementHandler.invoke(LocatingElementHandler.java:38)
at com.sun.proxy.$Proxy11.sendKeys(Unknown Source)
at com.automation.pages.LoginPage.login(LoginPage.java:30)
at com.automation.Tests.LoginCRMTest.loginApp(LoginCRMTest.java:27)
... Removed 25 stack frames]]>
    </failure>
  </testcase> <!-- loginApp -->
</testsuite> <!-- Test -->
